<?xml version="1.0" encoding="utf-8"?><testsuites name="pytest tests"><testsuite name="pytest" errors="0" failures="0" skipped="0" tests="17" time="24.430" timestamp="2026-08-13T07:12:23.733714+00:00" hostname="agent-env-582566b3-9573-4bcf-b571-77b777306d41"><testcase classname="tests.backend_test" name="test_root_ok" time="0.190" /><testcase classname="tests.backend_test" name="test_sse_pipeline_creates_submission" time="7.954" /><testcase classname="tests.backend_test" name="test_submission_validation_422[payload0-year_built&lt;1800]" time="0.149" /><testcase classname="tests.backend_test" name="test_submission_validation_422[payload1-year_built&gt;current]" time="0.105" /><testcase classname="tests.backend_test" name="test_submission_validation_422[payload2-sum_insured=0]" time="0.127" /><testcase classname="tests.backend_test" name="test_submission_validation_422[payload3-sum_insured&lt;0]" time="0.093" /><testcase classname="tests.backend_test" name="test_submission_validation_422[payload4-empty policies]" time="0.090" /><testcase classname="tests.backend_test" name="test_submission_validation_422[payload5-invalid email]" time="0.103" /><testcase classname="tests.backend_test" name="test_request_otp_non_whitelisted_403" time="0.095" /><testcase classname="tests.backend_test" name="test_verify_otp_wrong_code_401" time="0.500" /><testcase classname="tests.backend_test" name="test_protected_requires_auth" time="0.190" /><testcase classname="tests.backend_test" name="test_list_submissions_authed" time="0.487" /><testcase classname="tests.backend_test" name="test_get_submission_detail" time="0.041" /><testcase classname="tests.backend_test" name="test_portfolio_overview" time="0.043" /><testcase classname="tests.backend_test" name="test_review_submission" time="0.170" /><testcase classname="tests.backend_test" name="test_ai_insight_stream" time="12.307" /><testcase classname="tests.backend_test" name="test_otp_rate_limit_429" time="1.270" /></testsuite></testsuites>