<?xml version="1.0" encoding="utf-8"?><testsuites name="pytest tests"><testsuite name="pytest" errors="0" failures="0" skipped="0" tests="10" time="14.358" timestamp="2026-08-13T07:58:44.453812+00:00" hostname="agent-env-582566b3-9573-4bcf-b571-77b777306d41"><testcase classname="tests.test_v6_upgrade" name="test_seismic_wind_differ_and_live_tags" time="5.442" /><testcase classname="tests.test_v6_upgrade" name="test_portfolio_avg_natcat_present" time="0.048" /><testcase classname="tests.test_v6_upgrade" name="test_security_features_reduces_security_risk" time="5.618" /><testcase classname="tests.test_v6_upgrade" name="test_basement_raises_flood_by_15" time="2.727" /><testcase classname="tests.test_v6_upgrade" name="test_empty_address_422" time="0.095" /><testcase classname="tests.test_v6_upgrade" name="test_receipt_pdf_public_no_scores" time="0.093" /><testcase classname="tests.test_v6_upgrade" name="test_report_pdf_requires_auth" time="0.091" /><testcase classname="tests.test_v6_upgrade" name="test_policies_csv_requires_auth" time="0.091" /><testcase classname="tests.test_v6_upgrade" name="test_report_pdf_auth_ok" time="0.047" /><testcase classname="tests.test_v6_upgrade" name="test_policies_csv_auth_ok" time="0.047" /></testsuite></testsuites>