<?xml version="1.0" encoding="utf-8"?><testsuites name="pytest tests"><testsuite name="pytest" errors="0" failures="0" skipped="0" tests="11" time="6.925" timestamp="2026-08-13T08:22:19.283988+00:00" hostname="agent-env-582566b3-9573-4bcf-b571-77b777306d41"><testcase classname="tests.test_v7_security_assignment_map" name="test_receipt_without_token_forbidden" time="4.944" /><testcase classname="tests.test_v7_security_assignment_map" name="test_receipt_with_valid_token" time="0.112" /><testcase classname="tests.test_v7_security_assignment_map" name="test_receipt_with_tampered_token" time="0.124" /><testcase classname="tests.test_v7_security_assignment_map" name="test_claim_unauthenticated" time="0.093" /><testcase classname="tests.test_v7_security_assignment_map" name="test_claim_and_list_reflects_assignee" time="0.575" /><testcase classname="tests.test_v7_security_assignment_map" name="test_claim_conflict_409" time="0.429" /><testcase classname="tests.test_v7_security_assignment_map" name="test_release_clears_assignee" time="0.044" /><testcase classname="tests.test_v7_security_assignment_map" name="test_portfolio_map_requires_auth" time="0.092" /><testcase classname="tests.test_v7_security_assignment_map" name="test_portfolio_map_returns_points" time="0.040" /><testcase classname="tests.test_v7_security_assignment_map" name="test_otp_email_no_send_error" time="0.359" /><testcase classname="tests.test_v7_security_assignment_map" name="test_receipt_email_logged" time="0.005" /></testsuite></testsuites>